c:\users\matia\onedrive\desktop\upc - 2021 -2\progra ii\semana 8\project4\project4\debug\project4.myform.resources
c:\users\matia\onedrive\desktop\upc - 2021 -2\progra ii\semana 8\project4\project4\debug\vc142.pdb
c:\users\matia\onedrive\desktop\upc - 2021 -2\progra ii\semana 8\project4\project4\debug\.netframework,version=v4.7.2.assemblyattributes.obj
c:\users\matia\onedrive\desktop\upc - 2021 -2\progra ii\semana 8\project4\project4\debug\myform.obj
c:\users\matia\onedrive\desktop\upc - 2021 -2\progra ii\semana 8\project4\project4\debug\controladora.obj
c:\users\matia\onedrive\desktop\upc - 2021 -2\progra ii\semana 8\project4\project4\debug\ball.obj
c:\users\matia\onedrive\desktop\upc - 2021 -2\progra ii\semana 8\project4\project4\debug\base.obj
c:\users\matia\onedrive\desktop\upc - 2021 -2\progra ii\semana 8\project4\project4\debug\project4.vcxproj.generateresource.cache
c:\users\matia\onedrive\desktop\upc - 2021 -2\progra ii\semana 8\project4\project4\debug\project4.vcxprojassemblyreference.cache
c:\users\matia\onedrive\desktop\upc - 2021 -2\progra ii\semana 8\project4\project4\debug\1.tlog\1.write.1u.tlog
c:\users\matia\onedrive\desktop\upc - 2021 -2\progra ii\semana 8\project4\project4\debug\1.tlog\cl.command.1.tlog
c:\users\matia\onedrive\desktop\upc - 2021 -2\progra ii\semana 8\project4\project4\debug\1.tlog\cl.read.1.tlog
c:\users\matia\onedrive\desktop\upc - 2021 -2\progra ii\semana 8\project4\project4\debug\1.tlog\cl.write.1.tlog
c:\users\matia\onedrive\desktop\upc - 2021 -2\progra ii\semana 8\project4\project4\debug\1.tlog\link.11224.read.1.tlog
c:\users\matia\onedrive\desktop\upc - 2021 -2\progra ii\semana 8\project4\project4\debug\1.tlog\link.11224.write.1.tlog
c:\users\matia\onedrive\desktop\upc - 2021 -2\progra ii\semana 8\project4\project4\debug\1.tlog\link.6912.read.1.tlog
c:\users\matia\onedrive\desktop\upc - 2021 -2\progra ii\semana 8\project4\project4\debug\1.tlog\link.6912.write.1.tlog
c:\users\matia\onedrive\desktop\upc - 2021 -2\progra ii\semana 8\project4\project4\debug\1.tlog\link.command.1.tlog
c:\users\matia\onedrive\desktop\upc - 2021 -2\progra ii\semana 8\project4\project4\debug\1.tlog\link.read.1.tlog
c:\users\matia\onedrive\desktop\upc - 2021 -2\progra ii\semana 8\project4\project4\debug\1.tlog\link.write.1.tlog
c:\users\matia\onedrive\desktop\upc - 2021 -2\progra ii\semana 8\project4\project4\debug\1.tlog\metagen.read.1.tlog
c:\users\matia\onedrive\desktop\upc - 2021 -2\progra ii\semana 8\project4\project4\debug\1.tlog\metagen.write.1.tlog
